<?xml version="1.0" encoding="UTF-8"?>
<!-- Generated by org.testng.reporters.JUnitReportReporter -->
<testsuite hostname="MacBook-Air-de-Igor.local" failures="0" tests="3" name="OpenMeteoAPITest" time="2.080" errors="0" timestamp="2023-02-24T14:31:52 BRT" skipped="0">
  <testcase classname="OpenMeteoAPITest" name="testConnection" time="0.296"/>
  <system-out/>
  <testcase classname="OpenMeteoAPITest" name="testInsertionInMaster" time="0.034"/>
  <system-out/>
  <testcase classname="OpenMeteoAPITest" name="verifyCSVFile" time="1.750"/>
  <system-out/>
</testsuite> <!-- OpenMeteoAPITest -->
